<?xml version="1.0" encoding="UTF-8"?>
<testng-results skipped="0" failed="0" ignored="0" total="1" passed="1">
  <reporter-output>
  </reporter-output>
  <suite name="Default suite" duration-ms="2827" started-at="2018-09-03T17:39:23Z" finished-at="2018-09-03T17:39:26Z">
    <groups>
    </groups>
    <test name="Default test" duration-ms="2827" started-at="2018-09-03T17:39:23Z" finished-at="2018-09-03T17:39:26Z">
      <class name="com.qa.rest.tests.GetCallBDD">
        <test-method status="PASS" signature="test_numberofCircuitsfor2017()[pri:0, instance:com.qa.rest.tests.GetCallBDD@3bfdc050]" name="test_numberofCircuitsfor2017" duration-ms="2791" started-at="2018-09-03T17:39:23Z" finished-at="2018-09-03T17:39:26Z">
          <reporter-output>
          </reporter-output>
        </test-method> <!-- test_numberofCircuitsfor2017 -->
      </class> <!-- com.qa.rest.tests.GetCallBDD -->
    </test> <!-- Default test -->
  </suite> <!-- Default suite -->
</testng-results>
